[2023-11-15 23:25:00Z INFO HostContext] No proxy settings were found based on environmental variables (http_proxy/https_proxy/HTTP_PROXY/HTTPS_PROXY)
[2023-11-15 23:25:00Z INFO HostContext] Well known directory 'Bin': 'C:\Users\clark\AndroidStudioProjects\device-access-codelab-web-app\actions-runner\bin'
[2023-11-15 23:25:00Z INFO HostContext] Well known directory 'Root': 'C:\Users\clark\AndroidStudioProjects\device-access-codelab-web-app\actions-runner'
[2023-11-15 23:25:00Z INFO HostContext] Well known config file 'Credentials': 'C:\Users\clark\AndroidStudioProjects\device-access-codelab-web-app\actions-runner\.credentials'
[2023-11-15 23:25:00Z INFO HostContext] Well known directory 'Bin': 'C:\Users\clark\AndroidStudioProjects\device-access-codelab-web-app\actions-runner\bin'
[2023-11-15 23:25:00Z INFO HostContext] Well known directory 'Root': 'C:\Users\clark\AndroidStudioProjects\device-access-codelab-web-app\actions-runner'
[2023-11-15 23:25:00Z INFO HostContext] Well known config file 'Runner': 'C:\Users\clark\AndroidStudioProjects\device-access-codelab-web-app\actions-runner\.runner'
[2023-11-15 23:25:00Z INFO Listener] Runner is built for Windows (X64) - win-x64.
[2023-11-15 23:25:00Z INFO Listener] RuntimeInformation: Microsoft Windows 10.0.22631.
[2023-11-15 23:25:00Z INFO Listener] Version: 2.311.0
[2023-11-15 23:25:00Z INFO Listener] Commit: f5cff308c83746dddd726a9a28a1583872305aaa
[2023-11-15 23:25:00Z INFO Listener] Culture: en-US
[2023-11-15 23:25:00Z INFO Listener] UI Culture: en-US
[2023-11-15 23:25:00Z INFO HostContext] Well known directory 'Bin': 'C:\Users\clark\AndroidStudioProjects\device-access-codelab-web-app\actions-runner\bin'
[2023-11-15 23:25:00Z INFO HostContext] Well known directory 'Root': 'C:\Users\clark\AndroidStudioProjects\device-access-codelab-web-app\actions-runner'
[2023-11-15 23:25:00Z INFO Listener] Validating directory permissions for: 'C:\Users\clark\AndroidStudioProjects\device-access-codelab-web-app\actions-runner'
[2023-11-15 23:25:00Z INFO CommandLineParser] Parse
[2023-11-15 23:25:00Z INFO CommandLineParser] Parsing 1 args
[2023-11-15 23:25:00Z INFO CommandLineParser] parsing argument
[2023-11-15 23:25:00Z INFO CommandLineParser] HasArgs: False
[2023-11-15 23:25:00Z INFO CommandLineParser] Adding Command: remove
[2023-11-15 23:25:00Z INFO Listener] Arguments parsed
[2023-11-15 23:25:00Z INFO Runner] ExecuteCommand
[2023-11-15 23:25:00Z INFO ConfigurationStore] currentAssemblyLocation: C:\Users\clark\AndroidStudioProjects\device-access-codelab-web-app\actions-runner\bin\Runner.Listener.dll
[2023-11-15 23:25:00Z INFO HostContext] Well known directory 'Bin': 'C:\Users\clark\AndroidStudioProjects\device-access-codelab-web-app\actions-runner\bin'
[2023-11-15 23:25:00Z INFO ConfigurationStore] binPath: C:\Users\clark\AndroidStudioProjects\device-access-codelab-web-app\actions-runner\bin
[2023-11-15 23:25:00Z INFO HostContext] Well known directory 'Bin': 'C:\Users\clark\AndroidStudioProjects\device-access-codelab-web-app\actions-runner\bin'
[2023-11-15 23:25:00Z INFO HostContext] Well known directory 'Root': 'C:\Users\clark\AndroidStudioProjects\device-access-codelab-web-app\actions-runner'
[2023-11-15 23:25:00Z INFO ConfigurationStore] RootFolder: C:\Users\clark\AndroidStudioProjects\device-access-codelab-web-app\actions-runner
[2023-11-15 23:25:00Z INFO HostContext] Well known directory 'Bin': 'C:\Users\clark\AndroidStudioProjects\device-access-codelab-web-app\actions-runner\bin'
[2023-11-15 23:25:00Z INFO HostContext] Well known directory 'Root': 'C:\Users\clark\AndroidStudioProjects\device-access-codelab-web-app\actions-runner'
[2023-11-15 23:25:00Z INFO HostContext] Well known config file 'Runner': 'C:\Users\clark\AndroidStudioProjects\device-access-codelab-web-app\actions-runner\.runner'
[2023-11-15 23:25:00Z INFO ConfigurationStore] ConfigFilePath: C:\Users\clark\AndroidStudioProjects\device-access-codelab-web-app\actions-runner\.runner
[2023-11-15 23:25:00Z INFO HostContext] Well known directory 'Bin': 'C:\Users\clark\AndroidStudioProjects\device-access-codelab-web-app\actions-runner\bin'
[2023-11-15 23:25:00Z INFO HostContext] Well known directory 'Root': 'C:\Users\clark\AndroidStudioProjects\device-access-codelab-web-app\actions-runner'
[2023-11-15 23:25:00Z INFO HostContext] Well known config file 'Credentials': 'C:\Users\clark\AndroidStudioProjects\device-access-codelab-web-app\actions-runner\.credentials'
[2023-11-15 23:25:00Z INFO ConfigurationStore] CredFilePath: C:\Users\clark\AndroidStudioProjects\device-access-codelab-web-app\actions-runner\.credentials
[2023-11-15 23:25:00Z INFO HostContext] Well known directory 'Bin': 'C:\Users\clark\AndroidStudioProjects\device-access-codelab-web-app\actions-runner\bin'
[2023-11-15 23:25:00Z INFO HostContext] Well known directory 'Root': 'C:\Users\clark\AndroidStudioProjects\device-access-codelab-web-app\actions-runner'
[2023-11-15 23:25:00Z INFO HostContext] Well known config file 'MigratedCredentials': 'C:\Users\clark\AndroidStudioProjects\device-access-codelab-web-app\actions-runner\.credentials_migrated'
[2023-11-15 23:25:00Z INFO ConfigurationStore] MigratedCredFilePath: C:\Users\clark\AndroidStudioProjects\device-access-codelab-web-app\actions-runner\.credentials_migrated
[2023-11-15 23:25:00Z INFO HostContext] Well known directory 'Bin': 'C:\Users\clark\AndroidStudioProjects\device-access-codelab-web-app\actions-runner\bin'
[2023-11-15 23:25:00Z INFO HostContext] Well known directory 'Root': 'C:\Users\clark\AndroidStudioProjects\device-access-codelab-web-app\actions-runner'
[2023-11-15 23:25:00Z INFO HostContext] Well known config file 'Service': 'C:\Users\clark\AndroidStudioProjects\device-access-codelab-web-app\actions-runner\.service'
[2023-11-15 23:25:00Z INFO ConfigurationStore] ServiceConfigFilePath: C:\Users\clark\AndroidStudioProjects\device-access-codelab-web-app\actions-runner\.service
[2023-11-15 23:25:00Z INFO CommandSettings] Flag 'help': 'False'
[2023-11-15 23:25:00Z INFO CommandSettings] Flag 'version': 'False'
[2023-11-15 23:25:00Z INFO CommandSettings] Flag 'commit': 'False'
[2023-11-15 23:25:00Z INFO CommandSettings] Flag 'check': 'False'
[2023-11-15 23:25:00Z INFO CommandSettings] Command 'configure': 'False'
[2023-11-15 23:25:00Z INFO CommandSettings] Command 'remove': 'True'
[2023-11-15 23:25:00Z INFO CommandSettings] Flag 'local': 'False'
[2023-11-15 23:25:00Z INFO ConfigurationStore] IsServiceConfigured()
[2023-11-15 23:25:00Z INFO ConfigurationStore] IsServiceConfigured: False
[2023-11-15 23:25:00Z INFO ConfigurationStore] IsConfigured()
[2023-11-15 23:25:00Z INFO ConfigurationStore] IsConfigured: True
[2023-11-15 23:25:00Z INFO ConfigurationStore] HasCredentials()
[2023-11-15 23:25:00Z INFO ConfigurationStore] stored True
[2023-11-15 23:25:00Z INFO ConfigurationStore] Read setting file: 319 chars
[2023-11-15 23:25:00Z INFO CommandSettings] Arg 'token': ''
[2023-11-15 23:25:00Z INFO CommandSettings] Flag 'unattended': 'False'
[2023-11-15 23:25:00Z INFO PromptManager] ReadValue
[2023-11-15 23:25:00Z INFO Terminal] WRITE: Enter runner remove token: 
[2023-11-15 23:25:00Z INFO Terminal] READ SECRET
[2023-11-15 23:25:18Z INFO Terminal] Read value: '***'
[2023-11-15 23:25:19Z INFO ConfigurationManager] Http response code: OK from 'POST https://api.github.com/actions/runner-registration' (DDE5:082D:850737:89AD90:6555535E)
[2023-11-15 23:25:19Z INFO ConfigurationManager] cred retrieved via GitHub auth
[2023-11-15 23:25:19Z INFO RunnerServer] EstablishVssConnection
[2023-11-15 23:25:19Z INFO RunnerServer] Establish connection with 100 seconds timeout.
[2023-11-15 23:25:19Z INFO GitHubActionsService] Starting operation Location.GetConnectionData
[2023-11-15 23:25:19Z INFO RunnerServer] EstablishVssConnection
[2023-11-15 23:25:19Z INFO RunnerServer] Establish connection with 60 seconds timeout.
[2023-11-15 23:25:19Z INFO GitHubActionsService] Starting operation Location.GetConnectionData
[2023-11-15 23:25:19Z INFO RunnerServer] EstablishVssConnection
[2023-11-15 23:25:19Z INFO RunnerServer] Establish connection with 60 seconds timeout.
[2023-11-15 23:25:19Z INFO GitHubActionsService] Starting operation Location.GetConnectionData
[2023-11-15 23:25:19Z INFO GitHubActionsService] Finished operation Location.GetConnectionData
[2023-11-15 23:25:19Z INFO GitHubActionsService] Finished operation Location.GetConnectionData
[2023-11-15 23:25:19Z INFO GitHubActionsService] Finished operation Location.GetConnectionData
[2023-11-15 23:25:20Z INFO Terminal] WRITE LINE: 
[2023-11-15 23:25:20Z INFO ConfigurationStore] IsConfigured()
[2023-11-15 23:25:20Z INFO ConfigurationStore] IsConfigured: True
[2023-11-15 23:25:20Z INFO ConfigurationStore] HasCredentials()
[2023-11-15 23:25:20Z INFO ConfigurationStore] stored True
[2023-11-15 23:25:20Z INFO HostContext] Well known directory 'Bin': 'C:\Users\clark\AndroidStudioProjects\device-access-codelab-web-app\actions-runner\bin'
[2023-11-15 23:25:20Z INFO HostContext] Well known directory 'Root': 'C:\Users\clark\AndroidStudioProjects\device-access-codelab-web-app\actions-runner'
[2023-11-15 23:25:20Z INFO HostContext] Well known config file 'RSACredentials': 'C:\Users\clark\AndroidStudioProjects\device-access-codelab-web-app\actions-runner\.credentials_rsaparams'
[2023-11-15 23:25:20Z INFO RSAEncryptedFileKeyManager] Deleting RSA key parameters file C:\Users\clark\AndroidStudioProjects\device-access-codelab-web-app\actions-runner\.credentials_rsaparams
[2023-11-15 23:25:20Z INFO Terminal] WRITE LINE: 
[2023-11-15 23:25:20Z INFO Listener] Runner execution has finished with return code 0
