[2023-11-21 23:39:24Z INFO HostContext] No proxy settings were found based on environmental variables (http_proxy/https_proxy/HTTP_PROXY/HTTPS_PROXY)
[2023-11-21 23:39:24Z INFO HostContext] Well known directory 'Bin': 'C:\Users\clark\AndroidStudioProjects\device-access-codelab-web-app\actions-runner\bin'
[2023-11-21 23:39:24Z INFO HostContext] Well known directory 'Root': 'C:\Users\clark\AndroidStudioProjects\device-access-codelab-web-app\actions-runner'
[2023-11-21 23:39:24Z INFO HostContext] Well known config file 'Credentials': 'C:\Users\clark\AndroidStudioProjects\device-access-codelab-web-app\actions-runner\.credentials'
[2023-11-21 23:39:25Z INFO HostContext] Well known directory 'Bin': 'C:\Users\clark\AndroidStudioProjects\device-access-codelab-web-app\actions-runner\bin'
[2023-11-21 23:39:25Z INFO HostContext] Well known directory 'Root': 'C:\Users\clark\AndroidStudioProjects\device-access-codelab-web-app\actions-runner'
[2023-11-21 23:39:25Z INFO HostContext] Well known config file 'Runner': 'C:\Users\clark\AndroidStudioProjects\device-access-codelab-web-app\actions-runner\.runner'
[2023-11-21 23:39:25Z INFO Listener] Runner is built for Windows (X64) - win-x64.
[2023-11-21 23:39:25Z INFO Listener] RuntimeInformation: Microsoft Windows 10.0.22631.
[2023-11-21 23:39:25Z INFO Listener] Version: 2.311.0
[2023-11-21 23:39:25Z INFO Listener] Commit: f5cff308c83746dddd726a9a28a1583872305aaa
[2023-11-21 23:39:25Z INFO Listener] Culture: en-US
[2023-11-21 23:39:25Z INFO Listener] UI Culture: en-US
[2023-11-21 23:39:25Z INFO HostContext] Well known directory 'Bin': 'C:\Users\clark\AndroidStudioProjects\device-access-codelab-web-app\actions-runner\bin'
[2023-11-21 23:39:25Z INFO HostContext] Well known directory 'Root': 'C:\Users\clark\AndroidStudioProjects\device-access-codelab-web-app\actions-runner'
[2023-11-21 23:39:25Z INFO Listener] Validating directory permissions for: 'C:\Users\clark\AndroidStudioProjects\device-access-codelab-web-app\actions-runner'
[2023-11-21 23:39:25Z ERR  Terminal] WRITE ERROR: An error occurred: Permission to read the directory contents is required for 'C:\Users\clark\AndroidStudioProjects\device-access-codelab-web-app\actions-runner' and each directory up the hierarchy. Access to the path 'C:\Users\clark\AndroidStudioProjects\device-access-codelab-web-app' is denied.
[2023-11-21 23:39:25Z ERR  Listener] System.UnauthorizedAccessException: Permission to read the directory contents is required for 'C:\Users\clark\AndroidStudioProjects\device-access-codelab-web-app\actions-runner' and each directory up the hierarchy. Access to the path 'C:\Users\clark\AndroidStudioProjects\device-access-codelab-web-app' is denied.
 ---> System.UnauthorizedAccessException: Access to the path 'C:\Users\clark\AndroidStudioProjects\device-access-codelab-web-app' is denied.
   at System.IO.Enumeration.FileSystemEnumerator`1.CreateDirectoryHandle(String path, Boolean ignoreNotFound)
   at System.IO.Enumeration.FileSystemEnumerator`1.Init()
   at System.IO.Enumeration.FileSystemEnumerator`1..ctor(String directory, Boolean isNormalized, EnumerationOptions options)
   at System.IO.Enumeration.FileSystemEnumerable`1..ctor(String directory, FindTransform transform, EnumerationOptions options, Boolean isNormalized)
   at System.IO.Enumeration.FileSystemEnumerableFactory.UserEntries(String directory, String expression, EnumerationOptions options)
   at System.IO.Directory.InternalEnumeratePaths(String path, String searchPattern, SearchTarget searchTarget, EnumerationOptions options)
   at System.IO.Directory.EnumerateFileSystemEntries(String path)
   at GitHub.Runner.Sdk.IOUtil.ValidateExecutePermission(String directory)
   --- End of inner exception stack trace ---
   at GitHub.Runner.Sdk.IOUtil.ValidateExecutePermission(String directory)
   at GitHub.Runner.Listener.Program.MainAsync(IHostContext context, String[] args)
[2023-11-21 23:39:25Z ERR  Listener] #####################################################
[2023-11-21 23:39:25Z ERR  Listener] System.UnauthorizedAccessException: Access to the path 'C:\Users\clark\AndroidStudioProjects\device-access-codelab-web-app' is denied.
   at System.IO.Enumeration.FileSystemEnumerator`1.CreateDirectoryHandle(String path, Boolean ignoreNotFound)
   at System.IO.Enumeration.FileSystemEnumerator`1.Init()
   at System.IO.Enumeration.FileSystemEnumerator`1..ctor(String directory, Boolean isNormalized, EnumerationOptions options)
   at System.IO.Enumeration.FileSystemEnumerable`1..ctor(String directory, FindTransform transform, EnumerationOptions options, Boolean isNormalized)
   at System.IO.Enumeration.FileSystemEnumerableFactory.UserEntries(String directory, String expression, EnumerationOptions options)
   at System.IO.Directory.InternalEnumeratePaths(String path, String searchPattern, SearchTarget searchTarget, EnumerationOptions options)
   at System.IO.Directory.EnumerateFileSystemEntries(String path)
   at GitHub.Runner.Sdk.IOUtil.ValidateExecutePermission(String directory)
