[2023-11-15 23:25:28Z INFO HostContext] No proxy settings were found based on environmental variables (http_proxy/https_proxy/HTTP_PROXY/HTTPS_PROXY)
[2023-11-15 23:25:28Z INFO HostContext] Well known directory 'Bin': 'C:\Users\clark\AndroidStudioProjects\device-access-codelab-web-app\actions-runner\bin'
[2023-11-15 23:25:28Z INFO HostContext] Well known directory 'Root': 'C:\Users\clark\AndroidStudioProjects\device-access-codelab-web-app\actions-runner'
[2023-11-15 23:25:28Z INFO HostContext] Well known config file 'Credentials': 'C:\Users\clark\AndroidStudioProjects\device-access-codelab-web-app\actions-runner\.credentials'
[2023-11-15 23:25:28Z INFO HostContext] Well known directory 'Bin': 'C:\Users\clark\AndroidStudioProjects\device-access-codelab-web-app\actions-runner\bin'
[2023-11-15 23:25:28Z INFO HostContext] Well known directory 'Root': 'C:\Users\clark\AndroidStudioProjects\device-access-codelab-web-app\actions-runner'
[2023-11-15 23:25:28Z INFO HostContext] Well known config file 'Runner': 'C:\Users\clark\AndroidStudioProjects\device-access-codelab-web-app\actions-runner\.runner'
[2023-11-15 23:25:28Z INFO Listener] Runner is built for Windows (X64) - win-x64.
[2023-11-15 23:25:28Z INFO Listener] RuntimeInformation: Microsoft Windows 10.0.22631.
[2023-11-15 23:25:28Z INFO Listener] Version: 2.311.0
[2023-11-15 23:25:28Z INFO Listener] Commit: f5cff308c83746dddd726a9a28a1583872305aaa
[2023-11-15 23:25:28Z INFO Listener] Culture: en-US
[2023-11-15 23:25:28Z INFO Listener] UI Culture: en-US
[2023-11-15 23:25:28Z INFO HostContext] Well known directory 'Bin': 'C:\Users\clark\AndroidStudioProjects\device-access-codelab-web-app\actions-runner\bin'
[2023-11-15 23:25:28Z INFO HostContext] Well known directory 'Root': 'C:\Users\clark\AndroidStudioProjects\device-access-codelab-web-app\actions-runner'
[2023-11-15 23:25:28Z INFO Listener] Validating directory permissions for: 'C:\Users\clark\AndroidStudioProjects\device-access-codelab-web-app\actions-runner'
[2023-11-15 23:25:28Z INFO CommandLineParser] Parse
[2023-11-15 23:25:28Z INFO CommandLineParser] Parsing 5 args
[2023-11-15 23:25:28Z INFO CommandLineParser] parsing argument
[2023-11-15 23:25:28Z INFO CommandLineParser] HasArgs: False
[2023-11-15 23:25:28Z INFO CommandLineParser] Adding Command: configure
[2023-11-15 23:25:28Z INFO CommandLineParser] parsing argument
[2023-11-15 23:25:28Z INFO CommandLineParser] HasArgs: True
[2023-11-15 23:25:28Z INFO CommandLineParser] arg: url
[2023-11-15 23:25:28Z INFO CommandLineParser] parsing argument
[2023-11-15 23:25:28Z INFO CommandLineParser] HasArgs: True
[2023-11-15 23:25:28Z INFO CommandLineParser] Adding option 'url': 'https://github.com/RebelTat/device-access-codelab-web-app'
[2023-11-15 23:25:28Z INFO CommandLineParser] parsing argument
[2023-11-15 23:25:28Z INFO CommandLineParser] HasArgs: True
[2023-11-15 23:25:28Z INFO CommandLineParser] arg: token
[2023-11-15 23:25:28Z INFO CommandLineParser] parsing argument
[2023-11-15 23:25:28Z INFO CommandLineParser] HasArgs: True
[2023-11-15 23:25:28Z INFO CommandLineParser] Adding option 'token': '***'
[2023-11-15 23:25:28Z INFO Listener] Arguments parsed
[2023-11-15 23:25:28Z INFO Runner] ExecuteCommand
[2023-11-15 23:25:28Z INFO ConfigurationStore] currentAssemblyLocation: C:\Users\clark\AndroidStudioProjects\device-access-codelab-web-app\actions-runner\bin\Runner.Listener.dll
[2023-11-15 23:25:28Z INFO HostContext] Well known directory 'Bin': 'C:\Users\clark\AndroidStudioProjects\device-access-codelab-web-app\actions-runner\bin'
[2023-11-15 23:25:28Z INFO ConfigurationStore] binPath: C:\Users\clark\AndroidStudioProjects\device-access-codelab-web-app\actions-runner\bin
[2023-11-15 23:25:28Z INFO HostContext] Well known directory 'Bin': 'C:\Users\clark\AndroidStudioProjects\device-access-codelab-web-app\actions-runner\bin'
[2023-11-15 23:25:28Z INFO HostContext] Well known directory 'Root': 'C:\Users\clark\AndroidStudioProjects\device-access-codelab-web-app\actions-runner'
[2023-11-15 23:25:28Z INFO ConfigurationStore] RootFolder: C:\Users\clark\AndroidStudioProjects\device-access-codelab-web-app\actions-runner
[2023-11-15 23:25:28Z INFO HostContext] Well known directory 'Bin': 'C:\Users\clark\AndroidStudioProjects\device-access-codelab-web-app\actions-runner\bin'
[2023-11-15 23:25:28Z INFO HostContext] Well known directory 'Root': 'C:\Users\clark\AndroidStudioProjects\device-access-codelab-web-app\actions-runner'
[2023-11-15 23:25:28Z INFO HostContext] Well known config file 'Runner': 'C:\Users\clark\AndroidStudioProjects\device-access-codelab-web-app\actions-runner\.runner'
[2023-11-15 23:25:28Z INFO ConfigurationStore] ConfigFilePath: C:\Users\clark\AndroidStudioProjects\device-access-codelab-web-app\actions-runner\.runner
[2023-11-15 23:25:28Z INFO HostContext] Well known directory 'Bin': 'C:\Users\clark\AndroidStudioProjects\device-access-codelab-web-app\actions-runner\bin'
[2023-11-15 23:25:28Z INFO HostContext] Well known directory 'Root': 'C:\Users\clark\AndroidStudioProjects\device-access-codelab-web-app\actions-runner'
[2023-11-15 23:25:28Z INFO HostContext] Well known config file 'Credentials': 'C:\Users\clark\AndroidStudioProjects\device-access-codelab-web-app\actions-runner\.credentials'
[2023-11-15 23:25:28Z INFO ConfigurationStore] CredFilePath: C:\Users\clark\AndroidStudioProjects\device-access-codelab-web-app\actions-runner\.credentials
[2023-11-15 23:25:28Z INFO HostContext] Well known directory 'Bin': 'C:\Users\clark\AndroidStudioProjects\device-access-codelab-web-app\actions-runner\bin'
[2023-11-15 23:25:28Z INFO HostContext] Well known directory 'Root': 'C:\Users\clark\AndroidStudioProjects\device-access-codelab-web-app\actions-runner'
[2023-11-15 23:25:28Z INFO HostContext] Well known config file 'MigratedCredentials': 'C:\Users\clark\AndroidStudioProjects\device-access-codelab-web-app\actions-runner\.credentials_migrated'
[2023-11-15 23:25:28Z INFO ConfigurationStore] MigratedCredFilePath: C:\Users\clark\AndroidStudioProjects\device-access-codelab-web-app\actions-runner\.credentials_migrated
[2023-11-15 23:25:28Z INFO HostContext] Well known directory 'Bin': 'C:\Users\clark\AndroidStudioProjects\device-access-codelab-web-app\actions-runner\bin'
[2023-11-15 23:25:28Z INFO HostContext] Well known directory 'Root': 'C:\Users\clark\AndroidStudioProjects\device-access-codelab-web-app\actions-runner'
[2023-11-15 23:25:28Z INFO HostContext] Well known config file 'Service': 'C:\Users\clark\AndroidStudioProjects\device-access-codelab-web-app\actions-runner\.service'
[2023-11-15 23:25:28Z INFO ConfigurationStore] ServiceConfigFilePath: C:\Users\clark\AndroidStudioProjects\device-access-codelab-web-app\actions-runner\.service
[2023-11-15 23:25:28Z INFO CommandSettings] Flag 'help': 'False'
[2023-11-15 23:25:28Z INFO CommandSettings] Flag 'version': 'False'
[2023-11-15 23:25:28Z INFO CommandSettings] Flag 'commit': 'False'
[2023-11-15 23:25:28Z INFO CommandSettings] Flag 'check': 'False'
[2023-11-15 23:25:28Z INFO CommandSettings] Command 'configure': 'True'
[2023-11-15 23:25:28Z INFO Terminal] WRITE LINE: 
[2023-11-15 23:25:29Z INFO Terminal] WRITE LINE: --------------------------------------------------------------------------------
[2023-11-15 23:25:29Z INFO Terminal] WRITE LINE: |        ____ _ _   _   _       _          _        _   _                      |
[2023-11-15 23:25:29Z INFO Terminal] WRITE LINE: |       / ___(_) |_| | | |_   _| |__      / \   ___| |_(_) ___  _ __  ___      |
[2023-11-15 23:25:29Z INFO Terminal] WRITE LINE: |      | |  _| | __| |_| | | | | '_ \    / _ \ / __| __| |/ _ \| '_ \/ __|     |
[2023-11-15 23:25:29Z INFO Terminal] WRITE LINE: |      | |_| | | |_|  _  | |_| | |_) |  / ___ \ (__| |_| | (_) | | | \__ \     |
[2023-11-15 23:25:29Z INFO Terminal] WRITE LINE: |       \____|_|\__|_| |_|\__,_|_.__/  /_/   \_\___|\__|_|\___/|_| |_|___/     |
[2023-11-15 23:25:29Z INFO Terminal] WRITE LINE: |                                                                              |
[2023-11-15 23:25:29Z INFO Terminal] WRITE: |                       
[2023-11-15 23:25:29Z INFO Terminal] WRITE: Self-hosted runner registration
[2023-11-15 23:25:29Z INFO Terminal] WRITE LINE:                         |
[2023-11-15 23:25:29Z INFO Terminal] WRITE LINE: |                                                                              |
[2023-11-15 23:25:29Z INFO Terminal] WRITE LINE: --------------------------------------------------------------------------------
[2023-11-15 23:25:29Z INFO ConfigurationManager] ConfigureAsync
[2023-11-15 23:25:29Z INFO CommandSettings] Flag 'generateServiceConfig': 'False'
[2023-11-15 23:25:29Z INFO ConfigurationStore] IsConfigured()
[2023-11-15 23:25:29Z INFO ConfigurationStore] IsConfigured: False
[2023-11-15 23:25:29Z INFO ConfigurationManager] Is configured: False
[2023-11-15 23:25:29Z INFO CommandSettings] Arg 'url': 'https://github.com/RebelTat/device-access-codelab-web-app'
[2023-11-15 23:25:29Z INFO CommandSettings] Remove url from Arg dictionary.
[2023-11-15 23:25:29Z INFO CommandSettings] Arg 'token': '***'
[2023-11-15 23:25:29Z INFO CommandSettings] Remove token from Arg dictionary.
[2023-11-15 23:25:29Z INFO ConfigurationManager] Http response code: OK from 'POST https://api.github.com/actions/runner-registration' (DE57:54B0:45102A:47928E:65555368)
[2023-11-15 23:25:29Z INFO ConfigurationManager] Using V2 flow: False
[2023-11-15 23:25:29Z INFO ConfigurationManager] cred retrieved via GitHub auth
[2023-11-15 23:25:29Z INFO RunnerServer] EstablishVssConnection
[2023-11-15 23:25:29Z INFO RunnerServer] Establish connection with 100 seconds timeout.
[2023-11-15 23:25:29Z INFO GitHubActionsService] Starting operation Location.GetConnectionData
[2023-11-15 23:25:29Z INFO RunnerServer] EstablishVssConnection
[2023-11-15 23:25:29Z INFO RunnerServer] Establish connection with 60 seconds timeout.
[2023-11-15 23:25:29Z INFO GitHubActionsService] Starting operation Location.GetConnectionData
[2023-11-15 23:25:29Z INFO RunnerServer] EstablishVssConnection
[2023-11-15 23:25:29Z INFO RunnerServer] Establish connection with 60 seconds timeout.
[2023-11-15 23:25:29Z INFO GitHubActionsService] Starting operation Location.GetConnectionData
[2023-11-15 23:25:30Z INFO GitHubActionsService] Finished operation Location.GetConnectionData
[2023-11-15 23:25:30Z INFO GitHubActionsService] Finished operation Location.GetConnectionData
[2023-11-15 23:25:30Z INFO GitHubActionsService] Finished operation Location.GetConnectionData
[2023-11-15 23:25:30Z INFO Terminal] WRITE LINE: 
[2023-11-15 23:25:30Z INFO ConfigurationManager] Test Connection complete.
[2023-11-15 23:25:30Z INFO HostContext] Well known directory 'Bin': 'C:\Users\clark\AndroidStudioProjects\device-access-codelab-web-app\actions-runner\bin'
[2023-11-15 23:25:30Z INFO HostContext] Well known directory 'Root': 'C:\Users\clark\AndroidStudioProjects\device-access-codelab-web-app\actions-runner'
[2023-11-15 23:25:30Z INFO HostContext] Well known config file 'RSACredentials': 'C:\Users\clark\AndroidStudioProjects\device-access-codelab-web-app\actions-runner\.credentials_rsaparams'
[2023-11-15 23:25:30Z INFO RSAEncryptedFileKeyManager] Creating new RSA key using 2048-bit key length
[2023-11-15 23:25:30Z INFO RSAEncryptedFileKeyManager] Successfully saved RSA key parameters to file C:\Users\clark\AndroidStudioProjects\device-access-codelab-web-app\actions-runner\.credentials_rsaparams
[2023-11-15 23:25:30Z INFO CommandSettings] Arg 'runnergroup': ''
[2023-11-15 23:25:30Z INFO CommandSettings] Flag 'unattended': 'False'
[2023-11-15 23:25:30Z INFO PromptManager] ReadValue
[2023-11-15 23:25:30Z INFO Terminal] WRITE: Enter the name of the runner group to add this runner to: 
[2023-11-15 23:25:30Z INFO Terminal] WRITE: [press Enter for Default] 
[2023-11-15 23:25:30Z INFO Terminal] READ LINE
[2023-11-15 23:25:33Z INFO Terminal] Read value: ''
[2023-11-15 23:25:33Z INFO PromptManager] Falling back to the default: 'Default'
[2023-11-15 23:25:33Z INFO Terminal] WRITE LINE: 
[2023-11-15 23:25:33Z INFO ConfigurationManager] Found a self-hosted runner group with id 1 and name Default
[2023-11-15 23:25:33Z INFO CommandSettings] Flag 'disableupdate': 'False'
[2023-11-15 23:25:33Z INFO CommandSettings] Flag 'ephemeral': 'False'
[2023-11-15 23:25:33Z INFO CommandSettings] Arg 'name': ''
[2023-11-15 23:25:33Z INFO CommandSettings] Flag 'unattended': 'False'
[2023-11-15 23:25:33Z INFO PromptManager] ReadValue
[2023-11-15 23:25:33Z INFO Terminal] WRITE: Enter the name of runner: 
[2023-11-15 23:25:33Z INFO Terminal] WRITE: [press Enter for SHITBOX] 
[2023-11-15 23:25:33Z INFO Terminal] READ LINE
[2023-11-15 23:25:34Z INFO Terminal] Read value: ''
[2023-11-15 23:25:34Z INFO PromptManager] Falling back to the default: 'SHITBOX'
[2023-11-15 23:25:34Z INFO Terminal] WRITE LINE: 
[2023-11-15 23:25:34Z INFO CommandSettings] Arg 'labels': ''
[2023-11-15 23:25:34Z INFO CommandSettings] Flag 'unattended': 'False'
[2023-11-15 23:25:34Z INFO PromptManager] ReadValue
[2023-11-15 23:25:34Z INFO Terminal] WRITE: This runner will have the following labels: 'self-hosted', 'Windows', 'X64' 
Enter any additional labels (ex. label-1,label-2): 
[2023-11-15 23:25:34Z INFO Terminal] WRITE: [press Enter to skip] 
[2023-11-15 23:25:34Z INFO Terminal] READ LINE
[2023-11-15 23:25:38Z INFO Terminal] Read value: ''
[2023-11-15 23:25:38Z INFO Terminal] WRITE LINE: 
[2023-11-15 23:25:38Z INFO CommandSettings] Flag 'disableupdate': 'False'
[2023-11-15 23:25:38Z INFO CommandSettings] Flag 'no-default-labels': 'False'
[2023-11-15 23:25:38Z INFO CommandSettings] Flag 'disableupdate': 'False'
[2023-11-15 23:25:38Z INFO CommandSettings] Flag 'ephemeral': 'False'
[2023-11-15 23:25:38Z INFO ConfigurationStore] Saving OAuth credential @ C:\Users\clark\AndroidStudioProjects\device-access-codelab-web-app\actions-runner\.credentials
[2023-11-15 23:25:38Z INFO ConfigurationStore] Credentials Saved.
[2023-11-15 23:25:38Z INFO ConfigurationStore] HasCredentials()
[2023-11-15 23:25:38Z INFO ConfigurationStore] stored True
[2023-11-15 23:25:38Z INFO CredentialManager] GetCredentialProvider
[2023-11-15 23:25:38Z INFO CredentialManager] Creating type OAuth
[2023-11-15 23:25:38Z INFO CredentialManager] Creating credential type: OAuth
[2023-11-15 23:25:38Z INFO RSAEncryptedFileKeyManager] Loading RSA key parameters from file C:\Users\clark\AndroidStudioProjects\device-access-codelab-web-app\actions-runner\.credentials_rsaparams
[2023-11-15 23:25:38Z INFO RunnerServer] EstablishVssConnection
[2023-11-15 23:25:38Z INFO RunnerServer] Establish connection with 100 seconds timeout.
[2023-11-15 23:25:38Z INFO GitHubActionsService] Starting operation Location.GetConnectionData
[2023-11-15 23:25:38Z INFO RunnerServer] EstablishVssConnection
[2023-11-15 23:25:38Z INFO RunnerServer] Establish connection with 60 seconds timeout.
[2023-11-15 23:25:38Z INFO GitHubActionsService] Starting operation Location.GetConnectionData
[2023-11-15 23:25:38Z INFO RunnerServer] EstablishVssConnection
[2023-11-15 23:25:38Z INFO RunnerServer] Establish connection with 60 seconds timeout.
[2023-11-15 23:25:38Z INFO GitHubActionsService] Starting operation Location.GetConnectionData
[2023-11-15 23:25:38Z INFO GitHubActionsService] Finished operation Location.GetConnectionData
[2023-11-15 23:25:38Z INFO GitHubActionsService] Finished operation Location.GetConnectionData
[2023-11-15 23:25:38Z INFO GitHubActionsService] Finished operation Location.GetConnectionData
[2023-11-15 23:25:39Z INFO RSAEncryptedFileKeyManager] Loading RSA key parameters from file C:\Users\clark\AndroidStudioProjects\device-access-codelab-web-app\actions-runner\.credentials_rsaparams
[2023-11-15 23:25:39Z INFO RSAEncryptedFileKeyManager] Loading RSA key parameters from file C:\Users\clark\AndroidStudioProjects\device-access-codelab-web-app\actions-runner\.credentials_rsaparams
[2023-11-15 23:25:39Z INFO GitHubActionsService] AAD Correlation ID for this token request: Unknown
[2023-11-15 23:25:39Z INFO CommandSettings] Arg 'work': ''
[2023-11-15 23:25:39Z INFO CommandSettings] Flag 'unattended': 'False'
[2023-11-15 23:25:39Z INFO PromptManager] ReadValue
[2023-11-15 23:25:39Z INFO Terminal] WRITE: Enter name of work folder: 
[2023-11-15 23:25:39Z INFO Terminal] WRITE: [press Enter for _work] 
[2023-11-15 23:25:39Z INFO Terminal] READ LINE
[2023-11-15 23:25:42Z INFO Terminal] Read value: ''
[2023-11-15 23:25:42Z INFO PromptManager] Falling back to the default: '_work'
[2023-11-15 23:25:42Z INFO ConfigurationStore] Saving runner settings.
[2023-11-15 23:25:42Z INFO ConfigurationStore] Settings Saved.
[2023-11-15 23:25:42Z INFO Terminal] WRITE LINE: 
[2023-11-15 23:25:42Z INFO Terminal] WRITE LINE: 
[2023-11-15 23:25:42Z INFO CommandSettings] Flag 'runasservice': 'False'
[2023-11-15 23:25:42Z INFO CommandSettings] Flag 'unattended': 'False'
[2023-11-15 23:25:42Z INFO PromptManager] ReadValue
[2023-11-15 23:25:42Z INFO Terminal] WRITE: Would you like to run the runner as service? (Y/N) 
[2023-11-15 23:25:42Z INFO Terminal] WRITE: [press Enter for N] 
[2023-11-15 23:25:42Z INFO Terminal] READ LINE
[2023-11-15 23:25:46Z INFO Terminal] Read value: 'y'
[2023-11-15 23:25:46Z INFO ConfigurationManager] Configuring to run the agent as service
[2023-11-15 23:25:46Z INFO CommandSettings] Arg 'windowslogonaccount': ''
[2023-11-15 23:25:46Z INFO CommandSettings] Flag 'unattended': 'False'
[2023-11-15 23:25:46Z INFO PromptManager] ReadValue
[2023-11-15 23:25:46Z INFO Terminal] WRITE: User account to use for the service 
[2023-11-15 23:25:46Z INFO Terminal] WRITE: [press Enter for NT AUTHORITY\NETWORK SERVICE] 
[2023-11-15 23:25:46Z INFO Terminal] READ LINE
[2023-11-15 23:25:53Z INFO Terminal] Read value: ''
[2023-11-15 23:25:53Z INFO PromptManager] Falling back to the default: 'NT AUTHORITY\NETWORK SERVICE'
[2023-11-15 23:25:53Z INFO WindowsServiceControlManager] LogonAccount after transforming: NT AUTHORITY\NETWORK SERVICE, user: NETWORK SERVICE, domain: NT AUTHORITY
[2023-11-15 23:25:53Z INFO WindowsServiceControlManager] Service name 'actions.runner.RebelTat-device-access-codelab-web-app.SHITBOX' display name 'GitHub Actions Runner (RebelTat-device-access-codelab-web-app.SHITBOX)' will be used for service configuration.
[2023-11-15 23:25:53Z INFO WindowsServiceControlManager] Verifying if the account has LogonAsService permission
[2023-11-15 23:25:53Z INFO NativeWindowsServiceHelper] Successfully grant logon as service privilege to account 'NETWORK SERVICE'
[2023-11-15 23:25:53Z INFO WindowsServiceControlManager] Create local group and grant folder permission to service logon account.
[2023-11-15 23:25:53Z INFO HostContext] Well known directory 'Bin': 'C:\Users\clark\AndroidStudioProjects\device-access-codelab-web-app\actions-runner\bin'
[2023-11-15 23:25:53Z INFO HostContext] Well known directory 'Root': 'C:\Users\clark\AndroidStudioProjects\device-access-codelab-web-app\actions-runner'
[2023-11-15 23:25:53Z INFO ConfigurationStore] Read setting file: 319 chars
[2023-11-15 23:25:53Z INFO HostContext] Well known directory 'Bin': 'C:\Users\clark\AndroidStudioProjects\device-access-codelab-web-app\actions-runner\bin'
[2023-11-15 23:25:53Z INFO HostContext] Well known directory 'Root': 'C:\Users\clark\AndroidStudioProjects\device-access-codelab-web-app\actions-runner'
[2023-11-15 23:25:53Z INFO HostContext] Well known directory 'Work': 'C:\Users\clark\AndroidStudioProjects\device-access-codelab-web-app\actions-runner\_work'
[2023-11-15 23:25:53Z INFO HostContext] Well known directory 'Bin': 'C:\Users\clark\AndroidStudioProjects\device-access-codelab-web-app\actions-runner\bin'
[2023-11-15 23:25:53Z INFO NativeWindowsServiceHelper] Calculated unique group name GITHUB_ActionsRunner_Gc24e2
[2023-11-15 23:25:53Z INFO NativeWindowsServiceHelper] Trying to create group GITHUB_ActionsRunner_Gc24e2
[2023-11-15 23:25:53Z INFO NativeWindowsServiceHelper] Local Group 'GITHUB_ActionsRunner_Gc24e2' created
[2023-11-15 23:25:53Z INFO NativeWindowsServiceHelper] Trying to add userName NT AUTHORITY\NETWORK SERVICE to the group GITHUB_ActionsRunner_Gc24e2
[2023-11-15 23:25:53Z INFO NativeWindowsServiceHelper] Account 'NT AUTHORITY\NETWORK SERVICE' is added to local group 'GITHUB_ActionsRunner_Gc24e2'.
[2023-11-15 23:25:53Z INFO NativeWindowsServiceHelper] Set full access control to group for the folder C:\Users\clark\AndroidStudioProjects\device-access-codelab-web-app\actions-runner
[2023-11-15 23:25:53Z INFO NativeWindowsServiceHelper] Set full access control to group for the folder C:\Users\clark\AndroidStudioProjects\device-access-codelab-web-app\actions-runner\_work
[2023-11-15 23:25:53Z INFO NativeWindowsServiceHelper] Local group 'GITHUB_ActionsRunner_Gc24e2' already has full control to path 'C:\Users\clark\AndroidStudioProjects\device-access-codelab-web-app\actions-runner\_work'.
[2023-11-15 23:25:53Z INFO Terminal] WRITE LINE: Granting file permissions to 'NT AUTHORITY\NETWORK SERVICE'.
[2023-11-15 23:25:53Z INFO HostContext] Well known directory 'Bin': 'C:\Users\clark\AndroidStudioProjects\device-access-codelab-web-app\actions-runner\bin'
[2023-11-15 23:25:53Z INFO ProcessInvokerWrapper] Starting process:
[2023-11-15 23:25:53Z INFO ProcessInvokerWrapper]   File name: '"C:\Users\clark\AndroidStudioProjects\device-access-codelab-web-app\actions-runner\bin\RunnerService.exe"'
[2023-11-15 23:25:53Z INFO ProcessInvokerWrapper]   Arguments: 'init'
[2023-11-15 23:25:53Z INFO ProcessInvokerWrapper]   Working directory: ''
[2023-11-15 23:25:53Z INFO ProcessInvokerWrapper]   Require exit code zero: 'True'
[2023-11-15 23:25:53Z INFO ProcessInvokerWrapper]   Encoding web name:  ; code page: ''
[2023-11-15 23:25:53Z INFO ProcessInvokerWrapper]   Force kill process on cancellation: 'False'
[2023-11-15 23:25:53Z INFO ProcessInvokerWrapper]   Redirected STDIN: 'False'
[2023-11-15 23:25:53Z INFO ProcessInvokerWrapper]   Persist current code page: 'False'
[2023-11-15 23:25:53Z INFO ProcessInvokerWrapper]   Keep redirected STDIN open: 'False'
[2023-11-15 23:25:53Z INFO ProcessInvokerWrapper]   High priority process: 'False'
[2023-11-15 23:25:55Z INFO ProcessInvokerWrapper] Process started with process id 29996, waiting for process exit.
[2023-11-15 23:25:55Z INFO ProcessInvokerWrapper] STDOUT/STDERR stream read finished.
[2023-11-15 23:25:55Z INFO ProcessInvokerWrapper] STDOUT/STDERR stream read finished.
[2023-11-15 23:25:55Z INFO ProcessInvokerWrapper] Finished process 29996 with exit code 0, and elapsed time 00:00:01.4863947.
[2023-11-15 23:25:55Z INFO Terminal] WRITE LINE: Service actions.runner.RebelTat-device-access-codelab-web-app.SHITBOX successfully installed
[2023-11-15 23:25:55Z INFO Terminal] WRITE LINE: Service actions.runner.RebelTat-device-access-codelab-web-app.SHITBOX successfully set recovery option
[2023-11-15 23:25:55Z INFO Terminal] WRITE LINE: Service actions.runner.RebelTat-device-access-codelab-web-app.SHITBOX successfully set to delayed auto start
[2023-11-15 23:25:55Z INFO Terminal] WRITE LINE: Service actions.runner.RebelTat-device-access-codelab-web-app.SHITBOX successfully configured
[2023-11-15 23:25:55Z INFO HostContext] Well known directory 'Bin': 'C:\Users\clark\AndroidStudioProjects\device-access-codelab-web-app\actions-runner\bin'
[2023-11-15 23:25:55Z INFO HostContext] Well known directory 'Root': 'C:\Users\clark\AndroidStudioProjects\device-access-codelab-web-app\actions-runner'
[2023-11-15 23:25:55Z INFO HostContext] Well known config file 'Service': 'C:\Users\clark\AndroidStudioProjects\device-access-codelab-web-app\actions-runner\.service'
[2023-11-15 23:25:55Z INFO WindowsServiceControlManager] Configuration was successful, trying to start the service
[2023-11-15 23:25:55Z INFO Terminal] WRITE LINE: Waiting for service to start...
[2023-11-15 23:25:55Z INFO Terminal] WRITE LINE: Service actions.runner.RebelTat-device-access-codelab-web-app.SHITBOX started successfully
[2023-11-15 23:25:55Z INFO Listener] Runner execution has finished with return code 0
